<?xml version="1.0" encoding="UTF-8"?>

<!-- $Id: test-ha-xa-ds.xml 30056 2005-04-03 14:39:43Z loubyansky $ -->

<datasources>
   <ha-xa-datasource>
      <jndi-name>MockedHaXaDS</jndi-name>
      <track-connection-by-tx/>

      <xa-datasource-class>org.jboss.test.jca.adapter.MockedXADataSource</xa-datasource-class>
      <xa-datasource-property name="URL">haXaUrl1|haXaUrl2</xa-datasource-property>

      <url-property>URL</url-property>
      <url-delimeter>|</url-delimeter>

      <isSameRM-override-value>false</isSameRM-override-value>

      <check-valid-connection-sql>VALUES CURRENT TIMESTAMP</check-valid-connection-sql>
   </ha-xa-datasource>
</datasources>
